mode: set
github.com/aristanetworks/goeapi/client.go:66.53,67.14 1 1
github.com/aristanetworks/goeapi/client.go:70.2,70.15 1 1
github.com/aristanetworks/goeapi/client.go:67.14,69.3 1 1
github.com/aristanetworks/goeapi/client.go:81.41,83.2 1 1
github.com/aristanetworks/goeapi/client.go:91.52,93.2 1 1
github.com/aristanetworks/goeapi/client.go:100.39,101.27 1 1
github.com/aristanetworks/goeapi/client.go:104.2,105.24 2 1
github.com/aristanetworks/goeapi/client.go:101.27,103.3 1 1
github.com/aristanetworks/goeapi/client.go:113.39,114.27 1 1
github.com/aristanetworks/goeapi/client.go:117.2,118.24 2 1
github.com/aristanetworks/goeapi/client.go:114.27,116.3 1 1
github.com/aristanetworks/goeapi/client.go:127.26,130.2 2 1
github.com/aristanetworks/goeapi/client.go:140.66,142.39 1 1
github.com/aristanetworks/goeapi/client.go:146.2,146.14 1 1
github.com/aristanetworks/goeapi/client.go:149.2,149.57 1 1
github.com/aristanetworks/goeapi/client.go:142.39,145.3 1 1
github.com/aristanetworks/goeapi/client.go:146.14,148.3 1 1
github.com/aristanetworks/goeapi/client.go:159.67,161.2 1 1
github.com/aristanetworks/goeapi/client.go:177.72,178.62 1 1
github.com/aristanetworks/goeapi/client.go:181.2,184.16 3 1
github.com/aristanetworks/goeapi/client.go:187.2,188.57 2 1
github.com/aristanetworks/goeapi/client.go:178.62,180.3 1 1
github.com/aristanetworks/goeapi/client.go:184.16,186.3 1 0
github.com/aristanetworks/goeapi/client.go:200.72,202.48 2 1
github.com/aristanetworks/goeapi/client.go:206.2,206.62 1 1
github.com/aristanetworks/goeapi/client.go:209.2,210.16 2 1
github.com/aristanetworks/goeapi/client.go:213.2,214.32 2 1
github.com/aristanetworks/goeapi/client.go:218.2,219.18 2 1
github.com/aristanetworks/goeapi/client.go:223.2,228.18 5 1
github.com/aristanetworks/goeapi/client.go:232.2,235.41 3 1
github.com/aristanetworks/goeapi/client.go:202.48,205.3 2 1
github.com/aristanetworks/goeapi/client.go:206.62,208.3 1 1
github.com/aristanetworks/goeapi/client.go:210.16,212.3 1 1
github.com/aristanetworks/goeapi/client.go:214.32,216.3 1 0
github.com/aristanetworks/goeapi/client.go:219.18,221.3 1 0
github.com/aristanetworks/goeapi/client.go:228.18,230.3 1 0
github.com/aristanetworks/goeapi/client.go:243.48,246.19 3 1
github.com/aristanetworks/goeapi/client.go:249.2,249.21 1 1
github.com/aristanetworks/goeapi/client.go:246.19,248.3 1 1
github.com/aristanetworks/goeapi/client.go:264.71,265.31 1 1
github.com/aristanetworks/goeapi/client.go:272.2,274.16 3 1
github.com/aristanetworks/goeapi/client.go:277.2,277.40 1 1
github.com/aristanetworks/goeapi/client.go:282.2,282.21 1 1
github.com/aristanetworks/goeapi/client.go:265.31,267.12 2 1
github.com/aristanetworks/goeapi/client.go:267.12,269.4 1 1
github.com/aristanetworks/goeapi/client.go:274.16,276.3 1 0
github.com/aristanetworks/goeapi/client.go:277.40,281.3 3 1
github.com/aristanetworks/goeapi/client.go:301.45,311.26 2 1
github.com/aristanetworks/goeapi/client.go:318.2,319.16 2 1
github.com/aristanetworks/goeapi/client.go:323.2,324.20 2 1
github.com/aristanetworks/goeapi/client.go:311.26,313.3 1 0
github.com/aristanetworks/goeapi/client.go:313.3,316.3 2 1
github.com/aristanetworks/goeapi/client.go:319.16,321.3 1 0
github.com/aristanetworks/goeapi/client.go:337.71,338.67 1 0
github.com/aristanetworks/goeapi/client.go:341.2,350.30 5 0
github.com/aristanetworks/goeapi/client.go:353.2,353.23 1 0
github.com/aristanetworks/goeapi/client.go:338.67,340.3 1 0
github.com/aristanetworks/goeapi/client.go:350.30,352.3 1 0
github.com/aristanetworks/goeapi/client.go:364.55,365.43 1 1
github.com/aristanetworks/goeapi/client.go:368.2,373.30 4 1
github.com/aristanetworks/goeapi/client.go:376.2,376.23 1 1
github.com/aristanetworks/goeapi/client.go:365.43,367.3 1 0
github.com/aristanetworks/goeapi/client.go:373.30,375.3 1 1
github.com/aristanetworks/goeapi/client.go:408.34,412.2 3 1
github.com/aristanetworks/goeapi/client.go:420.53,424.2 3 1
github.com/aristanetworks/goeapi/client.go:435.33,438.16 3 1
github.com/aristanetworks/goeapi/client.go:444.2,444.16 1 1
github.com/aristanetworks/goeapi/client.go:450.2,450.34 1 1
github.com/aristanetworks/goeapi/client.go:459.2,461.8 3 1
github.com/aristanetworks/goeapi/client.go:438.16,439.23 1 1
github.com/aristanetworks/goeapi/client.go:439.23,441.4 1 1
github.com/aristanetworks/goeapi/client.go:444.16,446.3 1 1
github.com/aristanetworks/goeapi/client.go:446.3,448.3 1 1
github.com/aristanetworks/goeapi/client.go:450.34,453.42 2 1
github.com/aristanetworks/goeapi/client.go:453.42,457.4 3 1
github.com/aristanetworks/goeapi/client.go:465.45,466.14 1 1
github.com/aristanetworks/goeapi/client.go:469.2,470.27 2 1
github.com/aristanetworks/goeapi/client.go:474.2,474.20 1 1
github.com/aristanetworks/goeapi/client.go:466.14,468.3 1 0
github.com/aristanetworks/goeapi/client.go:470.27,473.3 2 1
github.com/aristanetworks/goeapi/client.go:478.29,480.2 1 1
github.com/aristanetworks/goeapi/client.go:489.50,491.16 2 1
github.com/aristanetworks/goeapi/client.go:494.2,497.27 2 1
github.com/aristanetworks/goeapi/client.go:502.2,503.12 2 1
github.com/aristanetworks/goeapi/client.go:491.16,493.3 1 1
github.com/aristanetworks/goeapi/client.go:497.27,498.46 1 1
github.com/aristanetworks/goeapi/client.go:498.46,500.4 1 1
github.com/aristanetworks/goeapi/client.go:507.41,508.36 1 0
github.com/aristanetworks/goeapi/client.go:508.36,510.3 1 0
github.com/aristanetworks/goeapi/client.go:522.49,526.2 3 1
github.com/aristanetworks/goeapi/client.go:536.36,537.27 1 1
github.com/aristanetworks/goeapi/client.go:540.2,541.13 2 1
github.com/aristanetworks/goeapi/client.go:537.27,539.3 1 1
github.com/aristanetworks/goeapi/client.go:563.61,566.12 3 1
github.com/aristanetworks/goeapi/client.go:569.2,569.16 1 1
github.com/aristanetworks/goeapi/client.go:566.12,568.3 1 1
github.com/aristanetworks/goeapi/client.go:588.61,590.2 1 1
github.com/aristanetworks/goeapi/client.go:597.45,600.17 3 1
github.com/aristanetworks/goeapi/client.go:600.17,602.3 1 1
github.com/aristanetworks/goeapi/client.go:613.34,615.2 1 1
github.com/aristanetworks/goeapi/client.go:629.41,631.2 1 1
github.com/aristanetworks/goeapi/client.go:646.44,648.20 2 1
github.com/aristanetworks/goeapi/client.go:651.2,658.8 8 1
github.com/aristanetworks/goeapi/client.go:661.2,662.16 2 1
github.com/aristanetworks/goeapi/client.go:665.2,665.75 1 1
github.com/aristanetworks/goeapi/client.go:648.20,650.3 1 0
github.com/aristanetworks/goeapi/client.go:658.8,660.3 1 0
github.com/aristanetworks/goeapi/client.go:662.16,664.3 1 0
github.com/aristanetworks/goeapi/client.go:691.42,692.21 1 1
github.com/aristanetworks/goeapi/client.go:695.2,695.16 1 1
github.com/aristanetworks/goeapi/client.go:698.2,698.20 1 1
github.com/aristanetworks/goeapi/client.go:702.2,704.54 3 1
github.com/aristanetworks/goeapi/client.go:708.2,709.17 2 1
github.com/aristanetworks/goeapi/client.go:692.21,694.3 1 0
github.com/aristanetworks/goeapi/client.go:695.16,697.3 1 0
github.com/aristanetworks/goeapi/client.go:698.20,700.3 1 0
github.com/aristanetworks/goeapi/client.go:704.54,706.3 1 1
github.com/aristanetworks/goeapi/client.go:719.37,720.16 1 1
github.com/aristanetworks/goeapi/client.go:724.2,725.21 2 1
github.com/aristanetworks/goeapi/client.go:732.2,732.13 1 1
github.com/aristanetworks/goeapi/client.go:720.16,722.3 1 1
github.com/aristanetworks/goeapi/client.go:725.21,726.20 1 1
github.com/aristanetworks/goeapi/client.go:729.3,730.17 2 1
github.com/aristanetworks/goeapi/client.go:726.20,728.4 1 1
github.com/aristanetworks/goeapi/eapi.go:114.29,117.16 3 0
github.com/aristanetworks/goeapi/eapi.go:117.16,121.3 3 0
github.com/aristanetworks/goeapi/eapi.go:125.36,126.16 1 0
github.com/aristanetworks/goeapi/eapi.go:126.16,128.3 1 0
github.com/aristanetworks/goeapi/eapi.go:128.3,130.3 1 0
github.com/aristanetworks/goeapi/eapi.go:135.50,136.19 1 1
github.com/aristanetworks/goeapi/eapi.go:139.2,139.24 1 1
github.com/aristanetworks/goeapi/eapi.go:142.2,142.12 1 1
github.com/aristanetworks/goeapi/eapi.go:136.19,138.3 1 1
github.com/aristanetworks/goeapi/eapi.go:139.24,141.3 1 1
github.com/aristanetworks/goeapi/eapi.go:147.55,148.45 1 1
github.com/aristanetworks/goeapi/eapi.go:151.2,151.25 1 0
github.com/aristanetworks/goeapi/eapi.go:148.45,150.3 1 1
github.com/aristanetworks/goeapi/eapi.go:156.80,157.45 1 1
github.com/aristanetworks/goeapi/eapi.go:160.2,160.19 1 1
github.com/aristanetworks/goeapi/eapi.go:165.2,165.46 1 1
github.com/aristanetworks/goeapi/eapi.go:170.2,172.12 3 1
github.com/aristanetworks/goeapi/eapi.go:157.45,159.3 1 1
github.com/aristanetworks/goeapi/eapi.go:160.19,163.3 2 1
github.com/aristanetworks/goeapi/eapi.go:165.46,169.3 2 1
github.com/aristanetworks/goeapi/eapi.go:177.81,179.2 1 1
github.com/aristanetworks/goeapi/eapi.go:183.61,186.2 2 1
github.com/aristanetworks/goeapi/eapi.go:190.62,193.2 2 1
github.com/aristanetworks/goeapi/eapi.go:197.60,198.45 1 1
github.com/aristanetworks/goeapi/eapi.go:201.2,203.32 2 1
github.com/aristanetworks/goeapi/eapi.go:207.2,207.42 1 1
github.com/aristanetworks/goeapi/eapi.go:210.2,210.12 1 1
github.com/aristanetworks/goeapi/eapi.go:198.45,200.3 1 0
github.com/aristanetworks/goeapi/eapi.go:203.32,205.3 1 0
github.com/aristanetworks/goeapi/eapi.go:207.42,209.3 1 1
github.com/aristanetworks/goeapi/eapi.go:215.45,216.45 1 0
github.com/aristanetworks/goeapi/eapi.go:219.2,220.42 2 0
github.com/aristanetworks/goeapi/eapi.go:216.45,218.3 1 0
github.com/aristanetworks/goeapi/eapi.go:220.42,222.3 1 0
github.com/aristanetworks/goeapi/eapi.go:227.46,228.19 1 1
github.com/aristanetworks/goeapi/eapi.go:231.2,231.33 1 1
github.com/aristanetworks/goeapi/eapi.go:228.19,230.3 1 1
github.com/aristanetworks/goeapi/eapi.go:236.46,237.19 1 1
github.com/aristanetworks/goeapi/eapi.go:240.2,240.27 1 1
github.com/aristanetworks/goeapi/eapi.go:237.19,239.3 1 1
github.com/aristanetworks/goeapi/eapi.go:252.43,253.45 1 1
github.com/aristanetworks/goeapi/eapi.go:256.2,256.23 1 1
github.com/aristanetworks/goeapi/eapi.go:260.2,261.36 2 1
github.com/aristanetworks/goeapi/eapi.go:269.2,276.16 5 1
github.com/aristanetworks/goeapi/eapi.go:280.2,282.12 3 1
github.com/aristanetworks/goeapi/eapi.go:253.45,255.3 1 1
github.com/aristanetworks/goeapi/eapi.go:256.23,258.3 1 0
github.com/aristanetworks/goeapi/eapi.go:261.36,266.3 1 0
github.com/aristanetworks/goeapi/eapi.go:266.3,268.3 1 1
github.com/aristanetworks/goeapi/eapi.go:276.16,278.3 1 0
github.com/aristanetworks/goeapi/eapi.go:289.58,290.45 1 1
github.com/aristanetworks/goeapi/eapi.go:293.2,293.22 1 1
github.com/aristanetworks/goeapi/eapi.go:290.45,292.3 1 0
github.com/aristanetworks/goeapi/eapi.go:299.44,301.2 1 1
github.com/aristanetworks/goeapi/eapi.go:306.41,307.19 1 1
github.com/aristanetworks/goeapi/eapi.go:310.2,312.12 3 1
github.com/aristanetworks/goeapi/eapi.go:307.19,309.3 1 0
github.com/aristanetworks/goeapi/eapi.go:318.73,322.23 2 1
github.com/aristanetworks/goeapi/eapi.go:328.2,328.50 1 1
github.com/aristanetworks/goeapi/eapi.go:335.2,335.41 1 1
github.com/aristanetworks/goeapi/eapi.go:345.2,345.12 1 1
github.com/aristanetworks/goeapi/eapi.go:322.23,326.3 2 0
github.com/aristanetworks/goeapi/eapi.go:328.50,333.3 2 0
github.com/aristanetworks/goeapi/eapi.go:335.41,337.29 2 1
github.com/aristanetworks/goeapi/eapi.go:340.3,341.17 2 1
github.com/aristanetworks/goeapi/eapi.go:337.29,338.12 1 1
github.com/aristanetworks/goeapi/eapi.go:341.17,343.4 1 0
github.com/aristanetworks/goeapi/eapi.go:350.63,353.39 3 1
github.com/aristanetworks/goeapi/eapi.go:356.2,356.11 1 1
github.com/aristanetworks/goeapi/eapi.go:353.39,355.3 1 0
github.com/aristanetworks/goeapi/eapi.go:361.63,364.39 3 0
github.com/aristanetworks/goeapi/eapi.go:367.2,367.11 1 0
github.com/aristanetworks/goeapi/eapi.go:364.39,366.3 1 0
github.com/aristanetworks/goeapi/eapilib.go:77.45,78.17 1 0
github.com/aristanetworks/goeapi/eapilib.go:81.2,81.68 1 0
github.com/aristanetworks/goeapi/eapilib.go:78.17,80.3 1 0
github.com/aristanetworks/goeapi/eapilib.go:93.76,100.2 3 1
github.com/aristanetworks/goeapi/eapilib.go:103.45,104.17 1 1
github.com/aristanetworks/goeapi/eapilib.go:107.2,108.12 2 1
github.com/aristanetworks/goeapi/eapilib.go:104.17,106.3 1 0
github.com/aristanetworks/goeapi/eapilib.go:112.46,113.17 1 0
github.com/aristanetworks/goeapi/eapilib.go:116.2,116.17 1 0
github.com/aristanetworks/goeapi/eapilib.go:113.17,115.3 1 0
github.com/aristanetworks/goeapi/eapilib.go:120.42,121.17 1 0
github.com/aristanetworks/goeapi/eapilib.go:124.2,124.16 1 0
github.com/aristanetworks/goeapi/eapilib.go:121.17,123.3 1 0
github.com/aristanetworks/goeapi/eapilib.go:133.46,140.2 4 1
github.com/aristanetworks/goeapi/eapilib.go:165.50,168.2 2 0
github.com/aristanetworks/goeapi/eapilib.go:177.79,178.17 1 0
github.com/aristanetworks/goeapi/eapilib.go:181.2,181.68 1 0
github.com/aristanetworks/goeapi/eapilib.go:178.17,180.3 1 0
github.com/aristanetworks/goeapi/eapilib.go:201.45,202.17 1 0
github.com/aristanetworks/goeapi/eapilib.go:205.2,206.16 2 0
github.com/aristanetworks/goeapi/eapilib.go:209.2,209.24 1 0
github.com/aristanetworks/goeapi/eapilib.go:202.17,204.3 1 0
github.com/aristanetworks/goeapi/eapilib.go:206.16,208.3 1 0
github.com/aristanetworks/goeapi/eapilib.go:238.50,241.2 2 0
github.com/aristanetworks/goeapi/eapilib.go:255.82,256.17 1 0
github.com/aristanetworks/goeapi/eapilib.go:259.2,259.68 1 0
github.com/aristanetworks/goeapi/eapilib.go:256.17,258.3 1 0
github.com/aristanetworks/goeapi/eapilib.go:279.45,280.17 1 0
github.com/aristanetworks/goeapi/eapilib.go:283.2,284.16 2 0
github.com/aristanetworks/goeapi/eapilib.go:287.2,287.24 1 0
github.com/aristanetworks/goeapi/eapilib.go:280.17,282.3 1 0
github.com/aristanetworks/goeapi/eapilib.go:284.16,286.3 1 0
github.com/aristanetworks/goeapi/eapilib.go:311.50,316.2 4 1
github.com/aristanetworks/goeapi/eapilib.go:330.77,331.17 1 1
github.com/aristanetworks/goeapi/eapilib.go:335.2,338.16 4 1
github.com/aristanetworks/goeapi/eapilib.go:341.2,347.26 3 1
github.com/aristanetworks/goeapi/eapilib.go:352.2,352.21 1 1
github.com/aristanetworks/goeapi/eapilib.go:331.17,333.3 1 0
github.com/aristanetworks/goeapi/eapilib.go:338.16,340.3 1 0
github.com/aristanetworks/goeapi/eapilib.go:347.26,351.3 2 0
github.com/aristanetworks/goeapi/eapilib.go:372.45,373.17 1 1
github.com/aristanetworks/goeapi/eapilib.go:376.2,377.16 2 1
github.com/aristanetworks/goeapi/eapilib.go:380.2,380.24 1 1
github.com/aristanetworks/goeapi/eapilib.go:373.17,375.3 1 0
github.com/aristanetworks/goeapi/eapilib.go:377.16,379.3 1 0
github.com/aristanetworks/goeapi/eapilib.go:410.50,418.2 5 0
github.com/aristanetworks/goeapi/eapilib.go:432.78,433.17 1 0
github.com/aristanetworks/goeapi/eapilib.go:436.2,444.16 6 0
github.com/aristanetworks/goeapi/eapilib.go:447.2,453.26 3 0
github.com/aristanetworks/goeapi/eapilib.go:458.2,458.21 1 0
github.com/aristanetworks/goeapi/eapilib.go:433.17,435.3 1 0
github.com/aristanetworks/goeapi/eapilib.go:444.16,446.3 1 0
github.com/aristanetworks/goeapi/eapilib.go:453.26,457.3 2 0
github.com/aristanetworks/goeapi/eapilib.go:478.45,479.17 1 0
github.com/aristanetworks/goeapi/eapilib.go:482.2,483.16 2 0
github.com/aristanetworks/goeapi/eapilib.go:486.2,486.24 1 0
github.com/aristanetworks/goeapi/eapilib.go:479.17,481.3 1 0
github.com/aristanetworks/goeapi/eapilib.go:483.16,485.3 1 0
github.com/aristanetworks/goeapi/eapilib.go:490.67,492.2 1 0
github.com/aristanetworks/goeapi/eapilib.go:495.66,497.2 1 0
github.com/aristanetworks/goeapi/api/interfaces.go:68.56,70.2 1 0
github.com/aristanetworks/goeapi/api/interfaces.go:74.42,77.17 3 1
github.com/aristanetworks/goeapi/api/interfaces.go:80.2,81.14 2 1
github.com/aristanetworks/goeapi/api/interfaces.go:77.17,79.3 1 1
github.com/aristanetworks/goeapi/api/interfaces.go:85.64,95.2 3 1
github.com/aristanetworks/goeapi/api/interfaces.go:99.65,102.2 2 1
github.com/aristanetworks/goeapi/api/interfaces.go:105.70,108.18 3 1
github.com/aristanetworks/goeapi/api/interfaces.go:111.2,111.17 1 1
github.com/aristanetworks/goeapi/api/interfaces.go:108.18,110.3 1 1
github.com/aristanetworks/goeapi/api/interfaces.go:115.56,117.2 1 0
github.com/aristanetworks/goeapi/api/interfaces.go:120.56,122.2 1 0
github.com/aristanetworks/goeapi/api/interfaces.go:125.57,127.2 1 0
github.com/aristanetworks/goeapi/api/interfaces.go:130.78,133.2 2 0
github.com/aristanetworks/goeapi/api/interfaces.go:136.71,139.2 2 0
github.com/aristanetworks/goeapi/api/interfaces.go:143.72,146.2 2 0
github.com/aristanetworks/goeapi/api/interfaces.go:149.68,152.2 2 0
github.com/aristanetworks/goeapi/api/interfaces.go:163.68,173.2 8 0
github.com/aristanetworks/goeapi/api/interfaces.go:177.66,180.2 2 0
github.com/aristanetworks/goeapi/api/interfaces.go:184.78,187.18 3 0
github.com/aristanetworks/goeapi/api/interfaces.go:190.2,190.17 1 0
github.com/aristanetworks/goeapi/api/interfaces.go:187.18,189.3 1 0
github.com/aristanetworks/goeapi/api/interfaces.go:195.81,198.18 3 0
github.com/aristanetworks/goeapi/api/interfaces.go:201.2,201.17 1 0
github.com/aristanetworks/goeapi/api/interfaces.go:198.18,200.3 1 0
github.com/aristanetworks/goeapi/api/interfaces.go:205.60,207.2 1 0
github.com/aristanetworks/goeapi/api/interfaces.go:210.60,212.2 1 0
github.com/aristanetworks/goeapi/api/interfaces.go:215.84,217.2 1 0
github.com/aristanetworks/goeapi/api/interfaces.go:220.87,222.2 1 0
github.com/aristanetworks/goeapi/api/interfaces.go:225.98,227.11 2 0
github.com/aristanetworks/goeapi/api/interfaces.go:232.2,236.29 2 0
github.com/aristanetworks/goeapi/api/interfaces.go:227.11,229.3 1 0
github.com/aristanetworks/goeapi/api/interfaces.go:229.3,231.3 1 0
github.com/aristanetworks/goeapi/api/interfaces.go:240.88,246.2 2 0
github.com/aristanetworks/goeapi/api/interfaces.go:250.74,252.11 2 0
github.com/aristanetworks/goeapi/api/interfaces.go:255.2,259.29 2 0
github.com/aristanetworks/goeapi/api/interfaces.go:252.11,254.3 1 0
github.com/aristanetworks/goeapi/api/interfaces.go:274.65,276.2 1 1
github.com/aristanetworks/goeapi/api/interfaces.go:280.71,290.2 8 1
github.com/aristanetworks/goeapi/api/interfaces.go:294.78,297.18 3 1
github.com/aristanetworks/goeapi/api/interfaces.go:300.2,300.17 1 1
github.com/aristanetworks/goeapi/api/interfaces.go:297.18,299.3 1 1
github.com/aristanetworks/goeapi/api/interfaces.go:304.70,308.33 3 1
github.com/aristanetworks/goeapi/api/interfaces.go:318.2,318.24 1 1
github.com/aristanetworks/goeapi/api/interfaces.go:308.33,313.19 4 0
github.com/aristanetworks/goeapi/api/interfaces.go:316.3,316.18 1 0
github.com/aristanetworks/goeapi/api/interfaces.go:313.19,315.4 1 0
github.com/aristanetworks/goeapi/api/interfaces.go:323.71,326.18 3 1
github.com/aristanetworks/goeapi/api/interfaces.go:329.2,336.20 7 1
github.com/aristanetworks/goeapi/api/interfaces.go:339.2,339.16 1 1
github.com/aristanetworks/goeapi/api/interfaces.go:326.18,328.3 1 0
github.com/aristanetworks/goeapi/api/interfaces.go:336.20,338.3 1 1
github.com/aristanetworks/goeapi/api/interfaces.go:343.86,346.18 3 0
github.com/aristanetworks/goeapi/api/interfaces.go:349.2,357.30 6 0
github.com/aristanetworks/goeapi/api/interfaces.go:363.2,364.30 2 0
github.com/aristanetworks/goeapi/api/interfaces.go:368.2,368.33 1 0
github.com/aristanetworks/goeapi/api/interfaces.go:346.18,348.3 1 0
github.com/aristanetworks/goeapi/api/interfaces.go:357.30,360.3 2 0
github.com/aristanetworks/goeapi/api/interfaces.go:364.30,367.3 2 0
github.com/aristanetworks/goeapi/api/interfaces.go:372.81,378.42 2 1
github.com/aristanetworks/goeapi/api/interfaces.go:381.2,383.18 3 1
github.com/aristanetworks/goeapi/api/interfaces.go:386.2,390.44 4 1
github.com/aristanetworks/goeapi/api/interfaces.go:396.2,396.63 1 1
github.com/aristanetworks/goeapi/api/interfaces.go:378.42,380.3 1 1
github.com/aristanetworks/goeapi/api/interfaces.go:383.18,385.3 1 0
github.com/aristanetworks/goeapi/api/interfaces.go:390.44,395.3 4 1
github.com/aristanetworks/goeapi/api/interfaces.go:400.83,401.29 1 1
github.com/aristanetworks/goeapi/api/interfaces.go:404.2,409.33 3 1
github.com/aristanetworks/goeapi/api/interfaces.go:401.29,403.3 1 1
github.com/aristanetworks/goeapi/api/interfaces.go:414.79,420.2 2 1
github.com/aristanetworks/goeapi/api/interfaces.go:449.53,451.2 1 1
github.com/aristanetworks/goeapi/api/interfaces.go:455.65,467.2 9 1
github.com/aristanetworks/goeapi/api/interfaces.go:471.75,474.18 3 1
github.com/aristanetworks/goeapi/api/interfaces.go:477.2,477.17 1 1
github.com/aristanetworks/goeapi/api/interfaces.go:474.18,476.3 1 1
github.com/aristanetworks/goeapi/api/interfaces.go:482.74,485.18 3 1
github.com/aristanetworks/goeapi/api/interfaces.go:488.2,488.17 1 1
github.com/aristanetworks/goeapi/api/interfaces.go:485.18,487.3 1 1
github.com/aristanetworks/goeapi/api/interfaces.go:493.67,496.18 3 1
github.com/aristanetworks/goeapi/api/interfaces.go:499.2,499.17 1 1
github.com/aristanetworks/goeapi/api/interfaces.go:496.18,498.3 1 0
github.com/aristanetworks/goeapi/api/interfaces.go:504.80,512.36 5 1
github.com/aristanetworks/goeapi/api/interfaces.go:539.2,539.19 1 1
github.com/aristanetworks/goeapi/api/interfaces.go:512.36,514.36 2 1
github.com/aristanetworks/goeapi/api/interfaces.go:514.36,522.20 6 1
github.com/aristanetworks/goeapi/api/interfaces.go:528.4,531.20 4 1
github.com/aristanetworks/goeapi/api/interfaces.go:522.20,524.5 1 0
github.com/aristanetworks/goeapi/api/interfaces.go:524.5,526.5 1 1
github.com/aristanetworks/goeapi/api/interfaces.go:531.20,533.5 1 1
github.com/aristanetworks/goeapi/api/interfaces.go:533.5,535.5 1 0
github.com/aristanetworks/goeapi/api/interfaces.go:544.69,547.18 3 1
github.com/aristanetworks/goeapi/api/interfaces.go:550.2,550.56 1 1
github.com/aristanetworks/goeapi/api/interfaces.go:547.18,549.3 1 1
github.com/aristanetworks/goeapi/api/interfaces.go:555.83,556.17 1 1
github.com/aristanetworks/goeapi/api/interfaces.go:559.2,560.40 2 1
github.com/aristanetworks/goeapi/api/interfaces.go:556.17,558.3 1 1
github.com/aristanetworks/goeapi/api/interfaces.go:565.76,568.2 2 1
github.com/aristanetworks/goeapi/api/interfaces.go:573.82,574.17 1 1
github.com/aristanetworks/goeapi/api/interfaces.go:577.2,578.40 2 1
github.com/aristanetworks/goeapi/api/interfaces.go:574.17,576.3 1 1
github.com/aristanetworks/goeapi/api/interfaces.go:583.75,586.2 2 1
github.com/aristanetworks/goeapi/api/interfaces.go:589.72,590.35 1 1
github.com/aristanetworks/goeapi/api/interfaces.go:593.2,594.40 2 1
github.com/aristanetworks/goeapi/api/interfaces.go:590.35,592.3 1 1
github.com/aristanetworks/goeapi/api/interfaces.go:599.68,602.2 2 1
github.com/aristanetworks/goeapi/api/interfaces.go:606.82,609.2 2 1
github.com/aristanetworks/goeapi/api/interfaces.go:613.91,616.2 2 1
github.com/aristanetworks/goeapi/api/interfaces.go:619.85,622.2 2 1
github.com/aristanetworks/goeapi/api/interfaces.go:626.94,629.2 2 1
github.com/aristanetworks/goeapi/api/interfaces.go:632.79,635.2 2 1
github.com/aristanetworks/goeapi/api/interfaces.go:639.70,642.2 2 1
github.com/aristanetworks/goeapi/api/mlag.go:69.39,71.2 1 1
github.com/aristanetworks/goeapi/api/mlag.go:75.45,77.2 1 1
github.com/aristanetworks/goeapi/api/mlag.go:81.42,83.2 1 1
github.com/aristanetworks/goeapi/api/mlag.go:87.39,89.2 1 1
github.com/aristanetworks/goeapi/api/mlag.go:92.39,94.2 1 1
github.com/aristanetworks/goeapi/api/mlag.go:98.57,100.2 1 1
github.com/aristanetworks/goeapi/api/mlag.go:103.51,105.47 1 1
github.com/aristanetworks/goeapi/api/mlag.go:108.2,108.29 1 1
github.com/aristanetworks/goeapi/api/mlag.go:113.2,113.33 1 1
github.com/aristanetworks/goeapi/api/mlag.go:118.2,118.13 1 1
github.com/aristanetworks/goeapi/api/mlag.go:105.47,107.3 1 0
github.com/aristanetworks/goeapi/api/mlag.go:108.29,109.26 1 1
github.com/aristanetworks/goeapi/api/mlag.go:109.26,111.4 1 0
github.com/aristanetworks/goeapi/api/mlag.go:113.33,114.30 1 0
github.com/aristanetworks/goeapi/api/mlag.go:114.30,116.4 1 0
github.com/aristanetworks/goeapi/api/mlag.go:128.42,130.2 1 1
github.com/aristanetworks/goeapi/api/mlag.go:133.40,137.2 3 1
github.com/aristanetworks/goeapi/api/mlag.go:141.53,150.2 2 1
github.com/aristanetworks/goeapi/api/mlag.go:159.58,160.18 1 1
github.com/aristanetworks/goeapi/api/mlag.go:163.2,165.18 3 1
github.com/aristanetworks/goeapi/api/mlag.go:168.2,168.17 1 1
github.com/aristanetworks/goeapi/api/mlag.go:160.18,162.3 1 1
github.com/aristanetworks/goeapi/api/mlag.go:165.18,167.3 1 1
github.com/aristanetworks/goeapi/api/mlag.go:179.64,180.18 1 1
github.com/aristanetworks/goeapi/api/mlag.go:183.2,185.18 3 1
github.com/aristanetworks/goeapi/api/mlag.go:188.2,188.17 1 1
github.com/aristanetworks/goeapi/api/mlag.go:180.18,182.3 1 1
github.com/aristanetworks/goeapi/api/mlag.go:185.18,187.3 1 1
github.com/aristanetworks/goeapi/api/mlag.go:198.61,199.18 1 1
github.com/aristanetworks/goeapi/api/mlag.go:202.2,204.18 3 1
github.com/aristanetworks/goeapi/api/mlag.go:207.2,207.17 1 1
github.com/aristanetworks/goeapi/api/mlag.go:199.18,201.3 1 1
github.com/aristanetworks/goeapi/api/mlag.go:204.18,206.3 1 1
github.com/aristanetworks/goeapi/api/mlag.go:217.58,218.18 1 1
github.com/aristanetworks/goeapi/api/mlag.go:221.2,223.18 3 1
github.com/aristanetworks/goeapi/api/mlag.go:226.2,226.17 1 1
github.com/aristanetworks/goeapi/api/mlag.go:218.18,220.3 1 1
github.com/aristanetworks/goeapi/api/mlag.go:223.18,225.3 1 1
github.com/aristanetworks/goeapi/api/mlag.go:236.56,237.18 1 1
github.com/aristanetworks/goeapi/api/mlag.go:240.2,241.13 2 1
github.com/aristanetworks/goeapi/api/mlag.go:244.2,244.17 1 1
github.com/aristanetworks/goeapi/api/mlag.go:237.18,239.3 1 1
github.com/aristanetworks/goeapi/api/mlag.go:241.13,243.3 1 1
github.com/aristanetworks/goeapi/api/mlag.go:251.60,261.34 6 1
github.com/aristanetworks/goeapi/api/mlag.go:270.2,270.17 1 1
github.com/aristanetworks/goeapi/api/mlag.go:261.34,266.19 4 1
github.com/aristanetworks/goeapi/api/mlag.go:266.19,268.4 1 0
github.com/aristanetworks/goeapi/api/mlag.go:280.42,282.16 2 1
github.com/aristanetworks/goeapi/api/mlag.go:285.2,285.15 1 1
github.com/aristanetworks/goeapi/api/mlag.go:282.16,284.3 1 0
github.com/aristanetworks/goeapi/api/mlag.go:297.90,301.2 3 1
github.com/aristanetworks/goeapi/api/mlag.go:310.53,311.17 1 1
github.com/aristanetworks/goeapi/api/mlag.go:314.2,314.57 1 1
github.com/aristanetworks/goeapi/api/mlag.go:311.17,313.3 1 1
github.com/aristanetworks/goeapi/api/mlag.go:321.48,323.2 1 1
github.com/aristanetworks/goeapi/api/mlag.go:332.59,333.17 1 1
github.com/aristanetworks/goeapi/api/mlag.go:336.2,336.63 1 1
github.com/aristanetworks/goeapi/api/mlag.go:333.17,335.3 1 1
github.com/aristanetworks/goeapi/api/mlag.go:343.54,345.2 1 1
github.com/aristanetworks/goeapi/api/mlag.go:355.56,356.17 1 1
github.com/aristanetworks/goeapi/api/mlag.go:359.2,359.60 1 1
github.com/aristanetworks/goeapi/api/mlag.go:356.17,358.3 1 1
github.com/aristanetworks/goeapi/api/mlag.go:366.51,368.2 1 1
github.com/aristanetworks/goeapi/api/mlag.go:379.53,380.17 1 1
github.com/aristanetworks/goeapi/api/mlag.go:383.2,383.57 1 1
github.com/aristanetworks/goeapi/api/mlag.go:380.17,382.3 1 1
github.com/aristanetworks/goeapi/api/mlag.go:390.48,392.2 1 1
github.com/aristanetworks/goeapi/api/mlag.go:400.52,402.2 1 1
github.com/aristanetworks/goeapi/api/mlag.go:408.48,410.2 1 1
github.com/aristanetworks/goeapi/api/mlag.go:421.64,423.17 2 1
github.com/aristanetworks/goeapi/api/mlag.go:428.2,429.48 2 1
github.com/aristanetworks/goeapi/api/mlag.go:423.17,425.3 1 1
github.com/aristanetworks/goeapi/api/mlag.go:425.3,427.3 1 1
github.com/aristanetworks/goeapi/api/mlag.go:441.57,443.2 1 1
github.com/aristanetworks/goeapi/api/vlans.go:64.42,66.2 1 1
github.com/aristanetworks/goeapi/api/vlans.go:69.58,73.29 3 1
github.com/aristanetworks/goeapi/api/vlans.go:77.2,77.29 1 1
github.com/aristanetworks/goeapi/api/vlans.go:83.2,83.13 1 1
github.com/aristanetworks/goeapi/api/vlans.go:73.29,75.3 1 1
github.com/aristanetworks/goeapi/api/vlans.go:77.29,78.35 1 1
github.com/aristanetworks/goeapi/api/vlans.go:81.3,81.27 1 1
github.com/aristanetworks/goeapi/api/vlans.go:78.35,79.12 1 1
github.com/aristanetworks/goeapi/api/vlans.go:90.31,93.2 2 1
github.com/aristanetworks/goeapi/api/vlans.go:104.50,107.16 3 1
github.com/aristanetworks/goeapi/api/vlans.go:110.2,114.17 5 1
github.com/aristanetworks/goeapi/api/vlans.go:107.16,109.3 1 1
github.com/aristanetworks/goeapi/api/vlans.go:120.45,125.30 4 1
github.com/aristanetworks/goeapi/api/vlans.go:129.2,129.18 1 1
github.com/aristanetworks/goeapi/api/vlans.go:125.30,128.3 2 1
github.com/aristanetworks/goeapi/api/vlans.go:139.53,143.16 3 1
github.com/aristanetworks/goeapi/api/vlans.go:146.2,146.15 1 1
github.com/aristanetworks/goeapi/api/vlans.go:143.16,145.3 1 1
github.com/aristanetworks/goeapi/api/vlans.go:156.57,160.16 3 1
github.com/aristanetworks/goeapi/api/vlans.go:163.2,163.15 1 1
github.com/aristanetworks/goeapi/api/vlans.go:160.16,162.3 1 1
github.com/aristanetworks/goeapi/api/vlans.go:175.54,176.18 1 1
github.com/aristanetworks/goeapi/api/vlans.go:179.2,180.18 2 1
github.com/aristanetworks/goeapi/api/vlans.go:183.2,183.17 1 1
github.com/aristanetworks/goeapi/api/vlans.go:176.18,178.3 1 1
github.com/aristanetworks/goeapi/api/vlans.go:180.18,182.3 1 1
github.com/aristanetworks/goeapi/api/vlans.go:195.55,196.18 1 1
github.com/aristanetworks/goeapi/api/vlans.go:199.2,200.18 2 1
github.com/aristanetworks/goeapi/api/vlans.go:203.2,203.17 1 1
github.com/aristanetworks/goeapi/api/vlans.go:196.18,198.3 1 1
github.com/aristanetworks/goeapi/api/vlans.go:200.18,202.3 1 1
github.com/aristanetworks/goeapi/api/vlans.go:215.61,219.20 3 1
github.com/aristanetworks/goeapi/api/vlans.go:223.2,223.32 1 1
github.com/aristanetworks/goeapi/api/vlans.go:231.2,231.39 1 1
github.com/aristanetworks/goeapi/api/vlans.go:219.20,221.3 1 1
github.com/aristanetworks/goeapi/api/vlans.go:223.32,224.31 1 1
github.com/aristanetworks/goeapi/api/vlans.go:224.31,225.29 1 1
github.com/aristanetworks/goeapi/api/vlans.go:228.4,228.42 1 1
github.com/aristanetworks/goeapi/api/vlans.go:225.29,226.13 1 1
github.com/aristanetworks/goeapi/api/vlans.go:241.46,243.17 2 1
github.com/aristanetworks/goeapi/api/vlans.go:246.2,246.14 1 1
github.com/aristanetworks/goeapi/api/vlans.go:243.17,245.3 1 1
github.com/aristanetworks/goeapi/api/vlans.go:256.46,258.17 2 1
github.com/aristanetworks/goeapi/api/vlans.go:261.2,261.14 1 1
github.com/aristanetworks/goeapi/api/vlans.go:258.17,260.3 1 1
github.com/aristanetworks/goeapi/api/vlans.go:275.47,277.17 2 1
github.com/aristanetworks/goeapi/api/vlans.go:280.2,280.14 1 1
github.com/aristanetworks/goeapi/api/vlans.go:277.17,279.3 1 1
github.com/aristanetworks/goeapi/api/vlans.go:291.69,295.2 3 1
github.com/aristanetworks/goeapi/api/vlans.go:308.60,310.2 1 1
github.com/aristanetworks/goeapi/api/vlans.go:322.54,324.2 1 1
github.com/aristanetworks/goeapi/api/vlans.go:337.62,339.2 1 1
github.com/aristanetworks/goeapi/api/vlans.go:351.55,353.2 1 1
github.com/aristanetworks/goeapi/api/vlans.go:372.69,378.28 4 1
github.com/aristanetworks/goeapi/api/vlans.go:383.2,384.28 2 1
github.com/aristanetworks/goeapi/api/vlans.go:389.2,389.17 1 1
github.com/aristanetworks/goeapi/api/vlans.go:378.28,379.44 1 1
github.com/aristanetworks/goeapi/api/vlans.go:379.44,381.4 1 0
github.com/aristanetworks/goeapi/api/vlans.go:384.28,385.47 1 1
github.com/aristanetworks/goeapi/api/vlans.go:385.47,387.4 1 0
github.com/aristanetworks/goeapi/api/vlans.go:407.60,409.2 1 1
github.com/aristanetworks/goeapi/api/vlans.go:422.66,425.2 2 1
github.com/aristanetworks/goeapi/api/vlans.go:439.69,442.2 2 1
github.com/aristanetworks/goeapi/api/acl.go:65.34,67.2 1 1
github.com/aristanetworks/goeapi/api/acl.go:70.34,72.2 1 1
github.com/aristanetworks/goeapi/api/acl.go:77.42,79.2 1 1
github.com/aristanetworks/goeapi/api/acl.go:82.35,84.2 1 1
github.com/aristanetworks/goeapi/api/acl.go:87.36,89.2 1 1
github.com/aristanetworks/goeapi/api/acl.go:92.35,94.2 1 1
github.com/aristanetworks/goeapi/api/acl.go:97.32,99.2 1 1
github.com/aristanetworks/goeapi/api/acl.go:108.40,110.2 1 1
github.com/aristanetworks/goeapi/api/acl.go:115.42,116.16 1 1
github.com/aristanetworks/goeapi/api/acl.go:119.2,120.33 2 1
github.com/aristanetworks/goeapi/api/acl.go:116.16,118.3 1 1
github.com/aristanetworks/goeapi/api/acl.go:124.47,125.21 1 1
github.com/aristanetworks/goeapi/api/acl.go:128.2,130.36 3 1
github.com/aristanetworks/goeapi/api/acl.go:125.21,127.3 1 1
github.com/aristanetworks/goeapi/api/acl.go:140.58,143.16 3 1
github.com/aristanetworks/goeapi/api/acl.go:146.2,150.8 1 1
github.com/aristanetworks/goeapi/api/acl.go:143.16,145.3 1 1
github.com/aristanetworks/goeapi/api/acl.go:161.52,167.30 5 1
github.com/aristanetworks/goeapi/api/acl.go:171.2,171.19 1 1
github.com/aristanetworks/goeapi/api/acl.go:167.30,170.3 2 1
github.com/aristanetworks/goeapi/api/acl.go:193.61,210.31 5 1
github.com/aristanetworks/goeapi/api/acl.go:228.2,228.16 1 1
github.com/aristanetworks/goeapi/api/acl.go:210.31,212.19 2 1
github.com/aristanetworks/goeapi/api/acl.go:215.3,218.53 3 1
github.com/aristanetworks/goeapi/api/acl.go:222.3,222.56 1 1
github.com/aristanetworks/goeapi/api/acl.go:225.3,226.34 2 1
github.com/aristanetworks/goeapi/api/acl.go:212.19,213.12 1 0
github.com/aristanetworks/goeapi/api/acl.go:218.53,220.4 1 1
github.com/aristanetworks/goeapi/api/acl.go:222.56,224.4 1 1
github.com/aristanetworks/goeapi/api/acl.go:238.52,241.16 3 1
github.com/aristanetworks/goeapi/api/acl.go:244.2,244.15 1 1
github.com/aristanetworks/goeapi/api/acl.go:241.16,243.3 1 1
github.com/aristanetworks/goeapi/api/acl.go:263.46,266.2 2 1
github.com/aristanetworks/goeapi/api/acl.go:280.46,283.2 2 1
github.com/aristanetworks/goeapi/api/acl.go:298.47,301.2 2 1
github.com/aristanetworks/goeapi/api/acl.go:321.35,327.9 4 1
github.com/aristanetworks/goeapi/api/acl.go:330.2,332.33 3 1
github.com/aristanetworks/goeapi/api/acl.go:327.9,329.3 1 1
github.com/aristanetworks/goeapi/api/acl.go:352.35,356.9 3 1
github.com/aristanetworks/goeapi/api/acl.go:359.2,361.33 3 1
github.com/aristanetworks/goeapi/api/acl.go:356.9,358.3 1 1
github.com/aristanetworks/goeapi/api/acl.go:376.65,383.2 2 1
github.com/aristanetworks/goeapi/api/bgp.go:55.36,57.2 1 1
github.com/aristanetworks/goeapi/api/bgp.go:61.39,63.2 1 0
github.com/aristanetworks/goeapi/api/bgp.go:67.39,69.2 1 0
github.com/aristanetworks/goeapi/api/bgp.go:73.43,75.2 1 0
github.com/aristanetworks/goeapi/api/bgp.go:79.47,81.2 1 0
github.com/aristanetworks/goeapi/api/bgp.go:91.40,93.2 1 1
github.com/aristanetworks/goeapi/api/bgp.go:97.38,110.2 10 1
github.com/aristanetworks/goeapi/api/bgp.go:114.53,115.24 1 0
github.com/aristanetworks/goeapi/api/bgp.go:118.2,118.20 1 0
github.com/aristanetworks/goeapi/api/bgp.go:115.24,117.3 1 0
github.com/aristanetworks/goeapi/api/bgp.go:122.51,125.18 3 1
github.com/aristanetworks/goeapi/api/bgp.go:128.2,128.17 1 1
github.com/aristanetworks/goeapi/api/bgp.go:125.18,127.3 1 0
github.com/aristanetworks/goeapi/api/bgp.go:132.57,135.18 3 1
github.com/aristanetworks/goeapi/api/bgp.go:138.2,138.17 1 1
github.com/aristanetworks/goeapi/api/bgp.go:135.18,137.3 1 1
github.com/aristanetworks/goeapi/api/bgp.go:148.68,152.58 4 1
github.com/aristanetworks/goeapi/api/bgp.go:156.2,159.3 1 1
github.com/aristanetworks/goeapi/api/bgp.go:152.58,155.3 2 1
github.com/aristanetworks/goeapi/api/bgp.go:164.55,166.13 2 1
github.com/aristanetworks/goeapi/api/bgp.go:169.2,169.17 1 1
github.com/aristanetworks/goeapi/api/bgp.go:166.13,168.3 1 1
github.com/aristanetworks/goeapi/api/bgp.go:176.70,181.20 3 1
github.com/aristanetworks/goeapi/api/bgp.go:185.2,187.33 2 1
github.com/aristanetworks/goeapi/api/bgp.go:194.2,194.17 1 1
github.com/aristanetworks/goeapi/api/bgp.go:181.20,183.3 1 1
github.com/aristanetworks/goeapi/api/bgp.go:187.33,193.3 1 1
github.com/aristanetworks/goeapi/api/bgp.go:198.41,200.16 2 1
github.com/aristanetworks/goeapi/api/bgp.go:203.2,203.15 1 1
github.com/aristanetworks/goeapi/api/bgp.go:200.16,202.3 1 1
github.com/aristanetworks/goeapi/api/bgp.go:209.51,211.19 2 1
github.com/aristanetworks/goeapi/api/bgp.go:214.2,218.33 2 1
github.com/aristanetworks/goeapi/api/bgp.go:211.19,213.3 1 0
github.com/aristanetworks/goeapi/api/bgp.go:223.44,224.35 1 1
github.com/aristanetworks/goeapi/api/bgp.go:227.2,228.25 2 1
github.com/aristanetworks/goeapi/api/bgp.go:224.35,226.3 1 0
github.com/aristanetworks/goeapi/api/bgp.go:233.35,235.19 2 1
github.com/aristanetworks/goeapi/api/bgp.go:238.2,239.25 2 1
github.com/aristanetworks/goeapi/api/bgp.go:235.19,237.3 1 0
github.com/aristanetworks/goeapi/api/bgp.go:244.36,246.19 2 1
github.com/aristanetworks/goeapi/api/bgp.go:249.2,250.25 2 1
github.com/aristanetworks/goeapi/api/bgp.go:246.19,248.3 1 0
github.com/aristanetworks/goeapi/api/bgp.go:255.52,256.17 1 1
github.com/aristanetworks/goeapi/api/bgp.go:259.2,259.45 1 1
github.com/aristanetworks/goeapi/api/bgp.go:256.17,258.3 1 1
github.com/aristanetworks/goeapi/api/bgp.go:264.47,266.2 1 1
github.com/aristanetworks/goeapi/api/bgp.go:270.55,273.2 2 1
github.com/aristanetworks/goeapi/api/bgp.go:278.76,281.2 2 1
github.com/aristanetworks/goeapi/api/bgp.go:286.51,288.2 1 1
github.com/aristanetworks/goeapi/api/bgp.go:293.51,296.2 2 1
github.com/aristanetworks/goeapi/api/bgp.go:301.47,303.2 1 1
github.com/aristanetworks/goeapi/api/bgp.go:308.97,310.20 2 1
github.com/aristanetworks/goeapi/api/bgp.go:313.2,313.32 1 1
github.com/aristanetworks/goeapi/api/bgp.go:310.20,312.3 1 1
github.com/aristanetworks/goeapi/api/bgp.go:319.68,321.2 1 1
github.com/aristanetworks/goeapi/api/bgp.go:326.100,328.20 2 1
github.com/aristanetworks/goeapi/api/bgp.go:331.2,331.32 1 1
github.com/aristanetworks/goeapi/api/bgp.go:328.20,330.3 1 1
github.com/aristanetworks/goeapi/api/bgp.go:337.71,339.2 1 1
github.com/aristanetworks/goeapi/api/bgp.go:376.58,378.2 1 0
github.com/aristanetworks/goeapi/api/bgp.go:382.65,395.2 2 0
github.com/aristanetworks/goeapi/api/bgp.go:398.61,400.18 2 0
github.com/aristanetworks/goeapi/api/bgp.go:404.2,411.40 5 0
github.com/aristanetworks/goeapi/api/bgp.go:418.2,418.19 1 0
github.com/aristanetworks/goeapi/api/bgp.go:400.18,402.3 1 0
github.com/aristanetworks/goeapi/api/bgp.go:411.40,413.41 2 0
github.com/aristanetworks/goeapi/api/bgp.go:413.41,416.4 2 0
github.com/aristanetworks/goeapi/api/bgp.go:424.80,428.18 4 0
github.com/aristanetworks/goeapi/api/bgp.go:431.2,431.17 1 0
github.com/aristanetworks/goeapi/api/bgp.go:428.18,430.3 1 0
github.com/aristanetworks/goeapi/api/bgp.go:437.79,441.18 4 0
github.com/aristanetworks/goeapi/api/bgp.go:444.2,444.17 1 0
github.com/aristanetworks/goeapi/api/bgp.go:441.18,443.3 1 0
github.com/aristanetworks/goeapi/api/bgp.go:449.82,453.2 3 0
github.com/aristanetworks/goeapi/api/bgp.go:457.77,461.2 3 0
github.com/aristanetworks/goeapi/api/bgp.go:466.82,470.18 4 0
github.com/aristanetworks/goeapi/api/bgp.go:473.2,473.17 1 0
github.com/aristanetworks/goeapi/api/bgp.go:470.18,472.3 1 0
github.com/aristanetworks/goeapi/api/bgp.go:478.80,482.2 3 0
github.com/aristanetworks/goeapi/api/bgp.go:487.81,491.18 4 0
github.com/aristanetworks/goeapi/api/bgp.go:494.2,494.17 1 0
github.com/aristanetworks/goeapi/api/bgp.go:491.18,493.3 1 0
github.com/aristanetworks/goeapi/api/bgp.go:500.82,504.18 4 0
github.com/aristanetworks/goeapi/api/bgp.go:507.2,507.17 1 0
github.com/aristanetworks/goeapi/api/bgp.go:504.18,506.3 1 0
github.com/aristanetworks/goeapi/api/bgp.go:512.55,514.2 1 0
github.com/aristanetworks/goeapi/api/bgp.go:518.55,520.11 2 0
github.com/aristanetworks/goeapi/api/bgp.go:523.2,523.13 1 0
github.com/aristanetworks/goeapi/api/bgp.go:520.11,522.3 1 0
github.com/aristanetworks/goeapi/api/bgp.go:529.57,533.18 4 0
github.com/aristanetworks/goeapi/api/bgp.go:536.2,540.52 2 0
github.com/aristanetworks/goeapi/api/bgp.go:533.18,535.3 1 0
github.com/aristanetworks/goeapi/api/bgp.go:554.44,557.2 2 0
github.com/aristanetworks/goeapi/api/bgp.go:561.75,562.30 1 0
github.com/aristanetworks/goeapi/api/bgp.go:565.2,566.25 2 0
github.com/aristanetworks/goeapi/api/bgp.go:562.30,564.3 1 0
github.com/aristanetworks/goeapi/api/bgp.go:572.68,573.30 1 0
github.com/aristanetworks/goeapi/api/bgp.go:576.2,577.25 2 0
github.com/aristanetworks/goeapi/api/bgp.go:573.30,575.3 1 0
github.com/aristanetworks/goeapi/api/bgp.go:583.74,586.2 2 0
github.com/aristanetworks/goeapi/api/bgp.go:591.67,594.2 2 0
github.com/aristanetworks/goeapi/api/bgp.go:599.71,602.2 2 0
github.com/aristanetworks/goeapi/api/bgp.go:607.67,610.2 2 0
github.com/aristanetworks/goeapi/api/bgp.go:615.79,618.2 2 0
github.com/aristanetworks/goeapi/api/bgp.go:623.72,626.2 2 0
github.com/aristanetworks/goeapi/api/bgp.go:631.77,634.2 2 0
github.com/aristanetworks/goeapi/api/bgp.go:639.70,642.2 2 0
github.com/aristanetworks/goeapi/api/bgp.go:647.76,651.2 3 0
github.com/aristanetworks/goeapi/api/bgp.go:656.83,660.2 3 0
github.com/aristanetworks/goeapi/api/bgp.go:665.77,669.2 3 0
github.com/aristanetworks/goeapi/api/bgp.go:674.70,678.2 3 0
github.com/aristanetworks/goeapi/api/bgp.go:682.77,685.2 2 0
github.com/aristanetworks/goeapi/api/bgp.go:690.70,693.2 2 0
github.com/aristanetworks/goeapi/api/ipinterfaces.go:54.42,56.2 1 1
github.com/aristanetworks/goeapi/api/ipinterfaces.go:59.45,61.2 1 1
github.com/aristanetworks/goeapi/api/ipinterfaces.go:64.41,66.2 1 1
github.com/aristanetworks/goeapi/api/ipinterfaces.go:70.56,72.2 1 1
github.com/aristanetworks/goeapi/api/ipinterfaces.go:75.33,76.35 1 1
github.com/aristanetworks/goeapi/api/ipinterfaces.go:79.2,79.14 1 1
github.com/aristanetworks/goeapi/api/ipinterfaces.go:76.35,78.3 1 1
github.com/aristanetworks/goeapi/api/ipinterfaces.go:98.73,105.29 5 1
github.com/aristanetworks/goeapi/api/ipinterfaces.go:109.2,113.8 1 1
github.com/aristanetworks/goeapi/api/ipinterfaces.go:105.29,107.3 1 1
github.com/aristanetworks/goeapi/api/ipinterfaces.go:127.59,135.34 5 1
github.com/aristanetworks/goeapi/api/ipinterfaces.go:141.2,141.17 1 1
github.com/aristanetworks/goeapi/api/ipinterfaces.go:135.34,137.18 2 1
github.com/aristanetworks/goeapi/api/ipinterfaces.go:137.18,139.4 1 1
github.com/aristanetworks/goeapi/api/ipinterfaces.go:154.64,157.18 3 1
github.com/aristanetworks/goeapi/api/ipinterfaces.go:160.2,160.17 1 1
github.com/aristanetworks/goeapi/api/ipinterfaces.go:157.18,159.3 1 1
github.com/aristanetworks/goeapi/api/ipinterfaces.go:173.60,176.18 3 1
github.com/aristanetworks/goeapi/api/ipinterfaces.go:179.2,179.17 1 1
github.com/aristanetworks/goeapi/api/ipinterfaces.go:176.18,178.3 1 1
github.com/aristanetworks/goeapi/api/ipinterfaces.go:185.57,193.36 5 1
github.com/aristanetworks/goeapi/api/ipinterfaces.go:196.2,196.17 1 1
github.com/aristanetworks/goeapi/api/ipinterfaces.go:193.36,195.3 1 1
github.com/aristanetworks/goeapi/api/ipinterfaces.go:218.54,224.2 2 1
github.com/aristanetworks/goeapi/api/ipinterfaces.go:239.54,246.2 2 1
github.com/aristanetworks/goeapi/api/ipinterfaces.go:258.72,260.17 2 1
github.com/aristanetworks/goeapi/api/ipinterfaces.go:265.2,265.33 1 1
github.com/aristanetworks/goeapi/api/ipinterfaces.go:260.17,262.3 1 1
github.com/aristanetworks/goeapi/api/ipinterfaces.go:262.3,264.3 1 1
github.com/aristanetworks/goeapi/api/ipinterfaces.go:274.65,280.2 2 1
github.com/aristanetworks/goeapi/api/ipinterfaces.go:291.65,292.24 1 1
github.com/aristanetworks/goeapi/api/ipinterfaces.go:295.2,299.33 2 1
github.com/aristanetworks/goeapi/api/ipinterfaces.go:292.24,294.3 1 1
github.com/aristanetworks/goeapi/api/ipinterfaces.go:308.61,314.2 2 1
github.com/aristanetworks/goeapi/api/stp.go:51.40,53.2 1 1
github.com/aristanetworks/goeapi/api/stp.go:56.27,57.2 0 0
github.com/aristanetworks/goeapi/api/stp.go:60.54,61.25 1 1
github.com/aristanetworks/goeapi/api/stp.go:64.2,64.21 1 1
github.com/aristanetworks/goeapi/api/stp.go:61.25,63.3 1 1
github.com/aristanetworks/goeapi/api/stp.go:68.52,69.24 1 1
github.com/aristanetworks/goeapi/api/stp.go:72.2,72.20 1 1
github.com/aristanetworks/goeapi/api/stp.go:69.24,71.3 1 1
github.com/aristanetworks/goeapi/api/stp.go:79.48,80.17 1 1
github.com/aristanetworks/goeapi/api/stp.go:83.2,83.40 1 1
github.com/aristanetworks/goeapi/api/stp.go:86.2,86.51 1 1
github.com/aristanetworks/goeapi/api/stp.go:80.17,82.3 1 1
github.com/aristanetworks/goeapi/api/stp.go:83.40,85.3 1 1
github.com/aristanetworks/goeapi/api/stp.go:96.56,98.2 1 1
github.com/aristanetworks/goeapi/api/stp.go:130.59,132.2 1 1
github.com/aristanetworks/goeapi/api/stp.go:135.66,144.2 3 1
github.com/aristanetworks/goeapi/api/stp.go:148.62,156.41 5 1
github.com/aristanetworks/goeapi/api/stp.go:162.2,162.19 1 1
github.com/aristanetworks/goeapi/api/stp.go:156.41,158.37 2 1
github.com/aristanetworks/goeapi/api/stp.go:158.37,160.4 1 1
github.com/aristanetworks/goeapi/api/stp.go:167.65,170.2 2 1
github.com/aristanetworks/goeapi/api/stp.go:174.64,177.2 2 1
github.com/aristanetworks/goeapi/api/stp.go:181.70,183.11 2 1
github.com/aristanetworks/goeapi/api/stp.go:186.2,187.11 2 1
github.com/aristanetworks/goeapi/api/stp.go:190.2,190.15 1 1
github.com/aristanetworks/goeapi/api/stp.go:183.11,185.3 1 1
github.com/aristanetworks/goeapi/api/stp.go:187.11,189.3 1 1
github.com/aristanetworks/goeapi/api/stp.go:195.83,196.32 1 1
github.com/aristanetworks/goeapi/api/stp.go:199.2,199.63 1 1
github.com/aristanetworks/goeapi/api/stp.go:196.32,198.3 1 1
github.com/aristanetworks/goeapi/api/stp.go:208.78,214.43 2 1
github.com/aristanetworks/goeapi/api/stp.go:218.2,219.21 2 1
github.com/aristanetworks/goeapi/api/stp.go:222.2,222.44 1 1
github.com/aristanetworks/goeapi/api/stp.go:214.43,216.3 1 1
github.com/aristanetworks/goeapi/api/stp.go:219.21,221.3 1 1
github.com/aristanetworks/goeapi/api/stp.go:227.73,230.2 2 1
github.com/aristanetworks/goeapi/api/stp.go:234.67,237.2 2 1
github.com/aristanetworks/goeapi/api/stp.go:241.74,243.12 2 1
github.com/aristanetworks/goeapi/api/stp.go:246.2,247.40 2 1
github.com/aristanetworks/goeapi/api/stp.go:243.12,245.3 1 1
github.com/aristanetworks/goeapi/api/stp.go:252.68,255.2 2 1
github.com/aristanetworks/goeapi/api/stp.go:258.45,261.2 2 1
github.com/aristanetworks/goeapi/api/switchports.go:60.41,62.2 1 1
github.com/aristanetworks/goeapi/api/switchports.go:65.41,67.2 1 1
github.com/aristanetworks/goeapi/api/switchports.go:70.47,72.2 1 1
github.com/aristanetworks/goeapi/api/switchports.go:75.52,77.2 1 1
github.com/aristanetworks/goeapi/api/switchports.go:80.54,82.2 1 1
github.com/aristanetworks/goeapi/api/switchports.go:86.48,88.2 1 1
github.com/aristanetworks/goeapi/api/switchports.go:92.54,94.2 1 1
github.com/aristanetworks/goeapi/api/switchports.go:114.62,117.16 3 1
github.com/aristanetworks/goeapi/api/switchports.go:120.2,120.77 1 1
github.com/aristanetworks/goeapi/api/switchports.go:123.2,130.3 1 1
github.com/aristanetworks/goeapi/api/switchports.go:117.16,119.3 1 0
github.com/aristanetworks/goeapi/api/switchports.go:120.77,122.3 1 1
github.com/aristanetworks/goeapi/api/switchports.go:140.57,148.31 5 1
github.com/aristanetworks/goeapi/api/switchports.go:155.2,155.17 1 1
github.com/aristanetworks/goeapi/api/switchports.go:148.31,151.18 3 1
github.com/aristanetworks/goeapi/api/switchports.go:151.18,153.4 1 1
github.com/aristanetworks/goeapi/api/switchports.go:165.59,168.16 3 1
github.com/aristanetworks/goeapi/api/switchports.go:171.2,171.15 1 1
github.com/aristanetworks/goeapi/api/switchports.go:168.16,170.3 1 0
github.com/aristanetworks/goeapi/api/switchports.go:181.60,184.18 3 1
github.com/aristanetworks/goeapi/api/switchports.go:187.2,187.17 1 1
github.com/aristanetworks/goeapi/api/switchports.go:184.18,186.3 1 1
github.com/aristanetworks/goeapi/api/switchports.go:197.67,201.20 4 1
github.com/aristanetworks/goeapi/api/switchports.go:205.2,205.32 1 1
github.com/aristanetworks/goeapi/api/switchports.go:213.2,213.39 1 1
github.com/aristanetworks/goeapi/api/switchports.go:201.20,203.3 1 1
github.com/aristanetworks/goeapi/api/switchports.go:205.32,206.32 1 1
github.com/aristanetworks/goeapi/api/switchports.go:206.32,207.30 1 1
github.com/aristanetworks/goeapi/api/switchports.go:210.4,210.43 1 1
github.com/aristanetworks/goeapi/api/switchports.go:207.30,208.13 1 1
github.com/aristanetworks/goeapi/api/switchports.go:223.66,226.18 3 1
github.com/aristanetworks/goeapi/api/switchports.go:229.2,229.17 1 1
github.com/aristanetworks/goeapi/api/switchports.go:226.18,228.3 1 1
github.com/aristanetworks/goeapi/api/switchports.go:240.71,243.18 3 1
github.com/aristanetworks/goeapi/api/switchports.go:246.2,246.17 1 1
github.com/aristanetworks/goeapi/api/switchports.go:243.18,245.3 1 1
github.com/aristanetworks/goeapi/api/switchports.go:257.73,260.18 3 1
github.com/aristanetworks/goeapi/api/switchports.go:263.2,263.17 1 1
github.com/aristanetworks/goeapi/api/switchports.go:260.18,262.3 1 1
github.com/aristanetworks/goeapi/api/switchports.go:281.53,287.2 2 1
github.com/aristanetworks/goeapi/api/switchports.go:304.53,309.2 2 1
github.com/aristanetworks/goeapi/api/switchports.go:325.54,331.2 2 1
github.com/aristanetworks/goeapi/api/switchports.go:347.68,350.2 2 1
github.com/aristanetworks/goeapi/api/switchports.go:362.61,364.2 1 1
github.com/aristanetworks/goeapi/api/switchports.go:378.74,381.2 2 1
github.com/aristanetworks/goeapi/api/switchports.go:393.67,395.2 1 1
github.com/aristanetworks/goeapi/api/switchports.go:409.79,412.2 2 1
github.com/aristanetworks/goeapi/api/switchports.go:425.72,427.2 1 1
github.com/aristanetworks/goeapi/api/switchports.go:441.81,444.2 2 1
github.com/aristanetworks/goeapi/api/switchports.go:456.74,458.2 1 1
github.com/aristanetworks/goeapi/api/switchports.go:468.77,473.28 4 1
github.com/aristanetworks/goeapi/api/switchports.go:477.2,478.28 2 1
github.com/aristanetworks/goeapi/api/switchports.go:484.2,485.28 2 1
github.com/aristanetworks/goeapi/api/switchports.go:490.2,490.17 1 1
github.com/aristanetworks/goeapi/api/switchports.go:473.28,475.3 1 1
github.com/aristanetworks/goeapi/api/switchports.go:478.28,479.45 1 1
github.com/aristanetworks/goeapi/api/switchports.go:479.45,481.4 1 0
github.com/aristanetworks/goeapi/api/switchports.go:485.28,486.48 1 1
github.com/aristanetworks/goeapi/api/switchports.go:486.48,488.4 1 0
github.com/aristanetworks/goeapi/api/switchports.go:500.68,502.2 1 1
github.com/aristanetworks/goeapi/api/switchports.go:512.74,515.2 2 1
github.com/aristanetworks/goeapi/api/switchports.go:525.77,528.2 2 1
github.com/aristanetworks/goeapi/api/system.go:52.41,54.2 1 1
github.com/aristanetworks/goeapi/api/system.go:58.42,60.2 1 1
github.com/aristanetworks/goeapi/api/system.go:64.46,66.2 1 1
github.com/aristanetworks/goeapi/api/system.go:76.43,81.2 4 1
github.com/aristanetworks/goeapi/api/system.go:89.42,92.18 3 1
github.com/aristanetworks/goeapi/api/system.go:95.2,95.20 1 1
github.com/aristanetworks/goeapi/api/system.go:92.18,94.3 1 1
github.com/aristanetworks/goeapi/api/system.go:102.47,105.2 2 1
github.com/aristanetworks/goeapi/api/system.go:113.41,114.18 1 1
github.com/aristanetworks/goeapi/api/system.go:117.2,118.37 2 1
github.com/aristanetworks/goeapi/api/system.go:114.18,116.3 1 1
github.com/aristanetworks/goeapi/api/system.go:125.46,128.2 2 1
github.com/aristanetworks/goeapi/api/system.go:141.58,142.20 1 1
github.com/aristanetworks/goeapi/api/system.go:145.2,145.44 1 1
github.com/aristanetworks/goeapi/api/system.go:142.20,144.3 1 1
github.com/aristanetworks/goeapi/api/system.go:155.50,157.2 1 1
github.com/aristanetworks/goeapi/api/system.go:171.79,174.2 2 1
github.com/aristanetworks/goeapi/api/users.go:88.39,90.2 1 1
github.com/aristanetworks/goeapi/api/users.go:94.40,96.2 1 1
github.com/aristanetworks/goeapi/api/users.go:99.35,101.2 1 1
github.com/aristanetworks/goeapi/api/users.go:105.41,107.2 1 1
github.com/aristanetworks/goeapi/api/users.go:111.37,113.2 1 1
github.com/aristanetworks/goeapi/api/users.go:117.37,119.2 1 1
github.com/aristanetworks/goeapi/api/users.go:123.37,125.2 1 1
github.com/aristanetworks/goeapi/api/users.go:135.42,137.2 1 1
github.com/aristanetworks/goeapi/api/users.go:141.34,143.2 1 1
github.com/aristanetworks/goeapi/api/users.go:146.51,147.25 1 1
github.com/aristanetworks/goeapi/api/users.go:150.2,150.22 1 1
github.com/aristanetworks/goeapi/api/users.go:155.2,155.13 1 1
github.com/aristanetworks/goeapi/api/users.go:147.25,149.3 1 1
github.com/aristanetworks/goeapi/api/users.go:150.22,151.19 1 1
github.com/aristanetworks/goeapi/api/users.go:151.19,153.4 1 0
github.com/aristanetworks/goeapi/api/users.go:166.50,168.12 2 1
github.com/aristanetworks/goeapi/api/users.go:171.2,171.17 1 1
github.com/aristanetworks/goeapi/api/users.go:168.12,170.3 1 1
github.com/aristanetworks/goeapi/api/users.go:178.45,184.29 4 1
github.com/aristanetworks/goeapi/api/users.go:191.2,191.18 1 1
github.com/aristanetworks/goeapi/api/users.go:184.29,186.20 2 1
github.com/aristanetworks/goeapi/api/users.go:189.3,189.41 1 1
github.com/aristanetworks/goeapi/api/users.go:186.20,187.12 1 0
github.com/aristanetworks/goeapi/api/users.go:198.42,203.2 3 1
github.com/aristanetworks/goeapi/api/users.go:213.46,223.18 4 1
github.com/aristanetworks/goeapi/api/users.go:226.2,231.30 5 1
github.com/aristanetworks/goeapi/api/users.go:234.2,241.17 4 1
github.com/aristanetworks/goeapi/api/users.go:223.18,225.3 1 0
github.com/aristanetworks/goeapi/api/users.go:231.30,233.3 1 1
github.com/aristanetworks/goeapi/api/users.go:257.35,258.18 1 1
github.com/aristanetworks/goeapi/api/users.go:258.18,260.3 1 0
github.com/aristanetworks/goeapi/api/users.go:260.3,260.23 1 1
github.com/aristanetworks/goeapi/api/users.go:260.23,262.3 1 1
github.com/aristanetworks/goeapi/api/users.go:262.3,265.3 1 1
github.com/aristanetworks/goeapi/api/users.go:279.35,283.12 3 1
github.com/aristanetworks/goeapi/api/users.go:287.2,288.30 2 1
github.com/aristanetworks/goeapi/api/users.go:283.12,286.3 1 1
github.com/aristanetworks/goeapi/api/users.go:297.61,300.2 2 1
github.com/aristanetworks/goeapi/api/users.go:308.47,311.2 2 1
github.com/aristanetworks/goeapi/api/users.go:319.48,322.2 2 1
github.com/aristanetworks/goeapi/api/users.go:332.73,333.25 1 1
github.com/aristanetworks/goeapi/api/users.go:336.2,337.30 2 1
github.com/aristanetworks/goeapi/api/users.go:333.25,335.3 1 1
github.com/aristanetworks/goeapi/api/users.go:347.62,349.17 2 1
github.com/aristanetworks/goeapi/api/users.go:354.2,354.25 1 1
github.com/aristanetworks/goeapi/api/users.go:349.17,351.3 1 1
github.com/aristanetworks/goeapi/api/users.go:351.3,353.3 1 1
github.com/aristanetworks/goeapi/api/users.go:364.64,366.17 2 1
github.com/aristanetworks/goeapi/api/users.go:371.2,371.25 1 1
github.com/aristanetworks/goeapi/api/users.go:366.17,368.3 1 1
github.com/aristanetworks/goeapi/api/users.go:368.3,370.3 1 1
github.com/aristanetworks/goeapi/api/version.go:56.38,58.2 1 0
github.com/aristanetworks/goeapi/api/version.go:157.40,159.2 1 0
github.com/aristanetworks/goeapi/api/version.go:170.41,172.2 1 1
github.com/aristanetworks/goeapi/api/version.go:181.42,183.2 1 1
github.com/aristanetworks/goeapi/api/version.go:188.48,195.2 6 0
github.com/aristanetworks/goeapi/api/version.go:200.53,207.2 6 0
github.com/aristanetworks/goeapi/api/version.go:212.55,219.2 6 1
github.com/aristanetworks/goeapi/api/abstract.go:62.46,64.2 1 1
github.com/aristanetworks/goeapi/api/abstract.go:69.44,71.2 1 0
github.com/aristanetworks/goeapi/api/abstract.go:83.70,86.2 2 1
github.com/aristanetworks/goeapi/api/abstract.go:100.65,102.2 1 1
github.com/aristanetworks/goeapi/api/abstract.go:115.22,116.17 1 1
github.com/aristanetworks/goeapi/api/abstract.go:119.2,119.9 1 1
github.com/aristanetworks/goeapi/api/abstract.go:122.2,122.13 1 1
github.com/aristanetworks/goeapi/api/abstract.go:125.2,125.12 1 1
github.com/aristanetworks/goeapi/api/abstract.go:116.17,118.3 1 1
github.com/aristanetworks/goeapi/api/abstract.go:119.9,121.3 1 1
github.com/aristanetworks/goeapi/api/abstract.go:122.13,124.3 1 1
github.com/aristanetworks/goeapi/api/abstract.go:136.87,140.2 3 1
